<?xml version="1.0" encoding="UTF-8"?><testsuite errors="0" failures="0" name="com.bestbuy.crudtest.ProductsCrudTest" skipped="0" tests="4" time="8.41" timestamp="2023-01-02T16:15:01.535Z[Europe/London]"><testcase classname="com.bestbuy.crudtest.ProductsCrudTest" name="This will create new product"/><testcase classname="com.bestbuy.crudtest.ProductsCrudTest" name="Verify Product was added"/><testcase classname="com.bestbuy.crudtest.ProductsCrudTest" name="Verify Product was Updated"/><testcase classname="com.bestbuy.crudtest.ProductsCrudTest" name="Verify product was deleted"/></testsuite>